<?xml version="1.0" encoding="UTF-8"?>
<!-- Generated by org.testng.reporters.JUnitXMLReporter -->
<testsuite hostname="CSE-1405339" ignored="0" name="Default test" tests="3" failures="0" timestamp="08 Oct 2018 16:25:24 GMT" time="27.471" errors="0">
  <testcase name="testPageTitleSample1" time="22.121" classname="com.test.Test1"/>
  <testcase name="testSampleThree" time="0.001" classname="com.test.Test1"/>
  <testcase name="testSampleTwo" time="0.003" classname="com.test.Test1"/>
</testsuite> <!-- Default test -->
