<?xml version="1.0" encoding="UTF-8"?>
<!-- Generated by org.testng.reporters.JUnitXMLReporter -->
<testsuite hostname="CSE-1405339" ignored="0" name="Command line test" tests="7" failures="0" timestamp="10 Oct 2018 18:36:54 GMT" time="73.239" errors="0">
  <testcase name="testPageTitleSample1" time="25.269" classname="com.test.Test1"/>
  <testcase name="testSampleThree" time="0.0" classname="com.test.Test1"/>
  <testcase name="testSampleTwo" time="0.0" classname="com.test.Test1"/>
  <testcase name="testPageTitleSample2" time="30.195" classname="com.test.Test2"/>
  <testcase name="testSampleOne" time="0.0" classname="com.test.Test2"/>
  <testcase name="testSampleThree" time="0.0" classname="com.test.Test2"/>
  <testcase name="testSampleTwo" time="0.0" classname="com.test.Test2"/>
</testsuite> <!-- Command line test -->
