<?xml version="1.0" encoding="UTF-8"?>
<!-- Generated by org.testng.reporters.JUnitXMLReporter -->
<testsuite hostname="CSE-1405339" ignored="0" name="TestNG Test Group" tests="7" failures="0" timestamp="09 Oct 2018 16:43:05 GMT" time="50.527" errors="0">
  <testcase name="testPageTitleSample1" time="21.51" classname="com.test.Test1"/>
  <testcase name="testSampleThree" time="0.002" classname="com.test.Test1"/>
  <testcase name="testSampleTwo" time="0.001" classname="com.test.Test1"/>
  <testcase name="testPageTitleSample2" time="20.335" classname="com.test.Test2"/>
  <testcase name="testSampleOne" time="0.004" classname="com.test.Test2"/>
  <testcase name="testSampleThree" time="0.003" classname="com.test.Test2"/>
  <testcase name="testSampleTwo" time="0.001" classname="com.test.Test2"/>
</testsuite> <!-- TestNG Test Group -->
