<?xml version="1.0" encoding="UTF-8"?>
<testng-results skipped="0" failed="0" ignored="0" total="7" passed="7">
  <reporter-output>
  </reporter-output>
  <suite name="Main Test Suite" duration-ms="50527" started-at="2018-10-09T16:42:14Z" finished-at="2018-10-09T16:43:05Z">
    <groups>
    </groups>
    <test name="TestNG Test Group" duration-ms="50527" started-at="2018-10-09T16:42:14Z" finished-at="2018-10-09T16:43:05Z">
      <class name="com.test.Test2">
        <test-method status="PASS" signature="setUp()[pri:0, instance:com.test.Test2@6f7fd0e6]" name="setUp" is-config="true" duration-ms="3120" started-at="2018-10-09T16:42:40Z" finished-at="2018-10-09T16:42:43Z">
          <reporter-output>
          </reporter-output>
        </test-method> <!-- setUp -->
        <test-method status="PASS" signature="testPageTitleSample2()[pri:0, instance:com.test.Test2@6f7fd0e6]" name="testPageTitleSample2" duration-ms="20335" started-at="2018-10-09T16:42:43Z" finished-at="2018-10-09T16:43:04Z">
          <reporter-output>
          </reporter-output>
        </test-method> <!-- testPageTitleSample2 -->
        <test-method status="PASS" signature="testSampleOne()[pri:0, instance:com.test.Test2@6f7fd0e6]" name="testSampleOne" duration-ms="4" started-at="2018-10-09T16:43:04Z" finished-at="2018-10-09T16:43:04Z">
          <reporter-output>
          </reporter-output>
        </test-method> <!-- testSampleOne -->
        <test-method status="PASS" signature="testSampleThree()[pri:0, instance:com.test.Test2@6f7fd0e6]" name="testSampleThree" duration-ms="3" started-at="2018-10-09T16:43:04Z" finished-at="2018-10-09T16:43:04Z">
          <reporter-output>
          </reporter-output>
        </test-method> <!-- testSampleThree -->
        <test-method status="PASS" signature="testSampleTwo()[pri:0, instance:com.test.Test2@6f7fd0e6]" name="testSampleTwo" duration-ms="1" started-at="2018-10-09T16:43:04Z" finished-at="2018-10-09T16:43:04Z">
          <reporter-output>
          </reporter-output>
        </test-method> <!-- testSampleTwo -->
        <test-method status="PASS" signature="tearDown()[pri:0, instance:com.test.Test2@6f7fd0e6]" name="tearDown" is-config="true" duration-ms="789" started-at="2018-10-09T16:43:04Z" finished-at="2018-10-09T16:43:05Z">
          <reporter-output>
          </reporter-output>
        </test-method> <!-- tearDown -->
      </class> <!-- com.test.Test2 -->
      <class name="com.test.Test1">
        <test-method status="PASS" signature="setUp()[pri:0, instance:com.test.Test1@27efef64]" name="setUp" is-config="true" duration-ms="3952" started-at="2018-10-09T16:42:14Z" finished-at="2018-10-09T16:42:18Z">
          <reporter-output>
          </reporter-output>
        </test-method> <!-- setUp -->
        <test-method status="PASS" signature="testPageTitleSample1()[pri:0, instance:com.test.Test1@27efef64]" name="testPageTitleSample1" duration-ms="21510" started-at="2018-10-09T16:42:18Z" finished-at="2018-10-09T16:42:40Z">
          <reporter-output>
          </reporter-output>
        </test-method> <!-- testPageTitleSample1 -->
        <test-method status="PASS" signature="testSampleThree()[pri:0, instance:com.test.Test1@27efef64]" name="testSampleThree" duration-ms="2" started-at="2018-10-09T16:42:40Z" finished-at="2018-10-09T16:42:40Z">
          <reporter-output>
          </reporter-output>
        </test-method> <!-- testSampleThree -->
        <test-method status="PASS" signature="testSampleTwo()[pri:0, instance:com.test.Test1@27efef64]" name="testSampleTwo" duration-ms="1" started-at="2018-10-09T16:42:40Z" finished-at="2018-10-09T16:42:40Z">
          <reporter-output>
          </reporter-output>
        </test-method> <!-- testSampleTwo -->
        <test-method status="PASS" signature="tearDown()[pri:0, instance:com.test.Test1@27efef64]" name="tearDown" is-config="true" duration-ms="754" started-at="2018-10-09T16:42:40Z" finished-at="2018-10-09T16:42:40Z">
          <reporter-output>
          </reporter-output>
        </test-method> <!-- tearDown -->
      </class> <!-- com.test.Test1 -->
    </test> <!-- TestNG Test Group -->
  </suite> <!-- Main Test Suite -->
</testng-results>
