<?xml version="1.0" encoding="UTF-8"?>
<testng-results skipped="0" failed="0" ignored="0" total="3" passed="3">
  <reporter-output>
  </reporter-output>
  <suite name="com.test.Test1" duration-ms="27074" started-at="2018-10-25T17:05:40Z" finished-at="2018-10-25T17:06:07Z">
    <groups>
    </groups>
    <test name="Command line test" duration-ms="27074" started-at="2018-10-25T17:05:40Z" finished-at="2018-10-25T17:06:07Z">
      <class name="com.test.Test1">
        <test-method status="PASS" signature="setUp()[pri:0, instance:com.test.Test1@2ed94a8b]" name="setUp" is-config="true" duration-ms="5410" started-at="2018-10-25T17:05:40Z" finished-at="2018-10-25T17:05:46Z">
          <reporter-output>
          </reporter-output>
        </test-method> <!-- setUp -->
        <test-method status="PASS" signature="testPageTitleSample1()[pri:0, instance:com.test.Test1@2ed94a8b]" name="testPageTitleSample1" duration-ms="20911" started-at="2018-10-25T17:05:46Z" finished-at="2018-10-25T17:06:07Z">
          <reporter-output>
          </reporter-output>
        </test-method> <!-- testPageTitleSample1 -->
        <test-method status="PASS" signature="testSampleThree()[pri:0, instance:com.test.Test1@2ed94a8b]" name="testSampleThree" duration-ms="0" started-at="2018-10-25T17:06:07Z" finished-at="2018-10-25T17:06:07Z">
          <reporter-output>
          </reporter-output>
        </test-method> <!-- testSampleThree -->
        <test-method status="PASS" signature="testSampleTwo()[pri:0, instance:com.test.Test1@2ed94a8b]" name="testSampleTwo" duration-ms="0" started-at="2018-10-25T17:06:07Z" finished-at="2018-10-25T17:06:07Z">
          <reporter-output>
          </reporter-output>
        </test-method> <!-- testSampleTwo -->
        <test-method status="PASS" signature="tearDown()[pri:0, instance:com.test.Test1@2ed94a8b]" name="tearDown" is-config="true" duration-ms="714" started-at="2018-10-25T17:06:07Z" finished-at="2018-10-25T17:06:07Z">
          <reporter-output>
          </reporter-output>
        </test-method> <!-- tearDown -->
      </class> <!-- com.test.Test1 -->
    </test> <!-- Command line test -->
  </suite> <!-- com.test.Test1 -->
</testng-results>
